<?xml version="1.0" encoding="UTF-8"?>
<!-- Generated by org.testng.reporters.JUnitXMLReporter -->
<testsuite ignored="4" hostname="DESKTOP-BOS5N1B" failures="0" tests="1" name="Default test" time="28.011" errors="0" timestamp="2023-11-28T23:43:41 CST">
  <testcase classname="com.automation.tests.scripts.SalesforceAutomationScript" name="LoginToSalesforce" time="15.113"/>
  <testcase classname="com.automation.tests.scripts.SalesforceAutomationScript" name="CheckRememberMe" time="0.0">
    <ignored/>
  </testcase> <!-- CheckRememberMe -->
  <testcase classname="com.automation.tests.scripts.SalesforceAutomationScript" name="LoginErrorMessage" time="0.0">
    <ignored/>
  </testcase> <!-- LoginErrorMessage -->
  <testcase classname="com.automation.tests.scripts.SalesforceAutomationScript" name="ForgotPasswordandUsername" time="0.0">
    <ignored/>
  </testcase> <!-- ForgotPasswordandUsername -->
  <testcase classname="com.automation.tests.scripts.SalesforceAutomationScript" name="Forgotpassword" time="0.0">
    <ignored/>
  </testcase> <!-- Forgotpassword -->
</testsuite> <!-- Default test -->
