<?xml version="1.0" encoding="UTF-8"?>
<testng-results ignored="4" total="5" passed="1" failed="0" skipped="0">
  <reporter-output>
  </reporter-output>
  <suite started-at="2023-11-28T23:43:13 CST" name="Default suite" finished-at="2023-11-28T23:43:41 CST" duration-ms="28011">
    <groups>
    </groups>
    <test started-at="2023-11-28T23:43:13 CST" name="Default test" finished-at="2023-11-28T23:43:41 CST" duration-ms="28011">
      <class name="com.automation.tests.scripts.SalesforceAutomationScript">
        <test-method is-config="true" signature="setupBeforeTest()[pri:0, instance:com.automation.tests.scripts.SalesforceAutomationScript@175c2241]" started-at="2023-11-28T23:43:13 CST" name="setupBeforeTest" finished-at="2023-11-28T23:43:14 CST" duration-ms="1070" status="PASS">
          <reporter-output>
          </reporter-output>
        </test-method> <!-- setupBeforeTest -->
        <test-method is-config="true" signature="setUpBeforeTestMethod(java.lang.String)[pri:0, instance:com.automation.tests.scripts.SalesforceAutomationScript@175c2241]" started-at="2023-11-28T23:43:14 CST" name="setUpBeforeTestMethod" finished-at="2023-11-28T23:43:26 CST" duration-ms="11186" status="PASS">
          <params>
            <param index="0">
              <value>
                <![CDATA[chrome]]>
              </value>
            </param>
          </params>
          <reporter-output>
          </reporter-output>
        </test-method> <!-- setUpBeforeTestMethod -->
        <test-method signature="LoginToSalesforce()[pri:0, instance:com.automation.tests.scripts.SalesforceAutomationScript@175c2241]" started-at="2023-11-28T23:43:26 CST" name="LoginToSalesforce" finished-at="2023-11-28T23:43:41 CST" duration-ms="15113" status="PASS">
          <reporter-output>
          </reporter-output>
        </test-method> <!-- LoginToSalesforce -->
        <test-method is-config="true" signature="tearDownAfterTestMethod()[pri:0, instance:com.automation.tests.scripts.SalesforceAutomationScript@175c2241]" started-at="2023-11-28T23:43:41 CST" name="tearDownAfterTestMethod" finished-at="2023-11-28T23:43:41 CST" duration-ms="552" status="PASS">
          <reporter-output>
          </reporter-output>
        </test-method> <!-- tearDownAfterTestMethod -->
      </class> <!-- com.automation.tests.scripts.SalesforceAutomationScript -->
    </test> <!-- Default test -->
  </suite> <!-- Default suite -->
</testng-results>
